Arguments: 
  /home/joabe.souza/.asdf/installs/nodejs/14.16.1/bin/node /home/joabe.souza/.asdf/installs/nodejs/14.16.1/.npm/bin/yarn add @bit/valor-software.ngx-bootstrap.modal

PATH: 
  /home/joabe.souza/.asdf/plugins/nodejs/shims:/home/joabe.souza/.asdf/installs/nodejs/14.16.1/.npm/bin:/home/joabe.souza/.asdf/installs/nodejs/14.16.1/bin:/home/joabe.souza/.asdf/shims:/home/joabe.souza/.asdf/bin:/home/joabe.souza/.local/bin:/usr/local/sbin:/usr/local/bin:/usr/sbin:/usr/bin:/sbin:/bin:/usr/games:/usr/local/games:/snap/bin

Yarn version: 
  1.22.18

Node version: 
  14.16.1

Platform: 
  linux x64

Trace: 
  Error: https://registry.yarnpkg.com/@bit%2fvalor-software.ngx-bootstrap.modal: Not found
      at Request.params.callback [as _callback] (/home/joabe.souza/.asdf/installs/nodejs/14.16.1/.npm/lib/node_modules/yarn/lib/cli.js:66138:18)
      at Request.self.callback (/home/joabe.souza/.asdf/installs/nodejs/14.16.1/.npm/lib/node_modules/yarn/lib/cli.js:140883:22)
      at Request.emit (events.js:315:20)
      at Request.<anonymous> (/home/joabe.souza/.asdf/installs/nodejs/14.16.1/.npm/lib/node_modules/yarn/lib/cli.js:141855:10)
      at Request.emit (events.js:315:20)
      at IncomingMessage.<anonymous> (/home/joabe.souza/.asdf/installs/nodejs/14.16.1/.npm/lib/node_modules/yarn/lib/cli.js:141777:12)
      at Object.onceWrapper (events.js:421:28)
      at IncomingMessage.emit (events.js:327:22)
      at endReadableNT (internal/streams/readable.js:1327:12)
      at processTicksAndRejections (internal/process/task_queues.js:80:21)

npm manifest: 
  {
    "name": "nodejs-angular2",
    "version": "1.0.0",
    "private": true,
    "scripts": {
      "start": "node ./bin/www",
      "build": "del-cli public/js/app && webpack --config webpack.config.dev.js --progress --profile --watch | node ./bin/www",
      "build:prod": "del-cli public/js/app && ngc -p tsconfig.aot.json && ngc -p tsconfig.aot.json && webpack --config webpack.config.prod.js --progress --profile --bail && del-cli 'assets/app/**/*.js' 'assets/app/**/*.ngsummary.json' 'assets/app/**/*.ngstyle.*'"
    },
    "dependencies": {
      "@angular/animations": "^5.0.0",
      "@angular/common": "^5.0.0",
      "@angular/compiler": "^5.0.0",
      "@angular/compiler-cli": "^5.0.0",
      "@angular/core": "^5.0.0",
      "@angular/forms": "^5.0.0",
      "@angular/http": "^5.0.0",
      "@angular/platform-browser": "^5.0.0",
      "@angular/platform-browser-dynamic": "^5.0.0",
      "@angular/platform-server": "^5.0.0",
      "@angular/router": "^5.0.0",
      "@angular/upgrade": "^5.0.0",
      "@ng-bootstrap/ng-bootstrap": "^12.1.1",
      "@popperjs/core": "^2.11.5",
      "body-parser": "~1.15.2",
      "cookie-parser": "~1.4.3",
      "core-js": "^2.4.1",
      "debug": "~2.2.0",
      "express": "~4.14.0",
      "hbs": "~3.1.0",
      "mongoose": "^6.2.9",
      "mongoose-unique-validator": "^3.0.0",
      "morgan": "~1.6.1",
      "reflect-metadata": "^0.1.3",
      "rxjs": "^5.5.0",
      "serve-favicon": "~2.3.0",
      "zone.js": "^0.8.5"
    },
    "devDependencies": {
      "@ngtools/webpack": "^1.8.0",
      "@types/core-js": "0.9.36",
      "@types/node": "^6.0.45",
      "angular-router-loader": "^0.5.0",
      "angular2-template-loader": "^0.5.0",
      "awesome-typescript-loader": "^3.1.2",
      "del-cli": "^0.2.0",
      "html-loader": "^0.4.4",
      "raw-loader": "^0.5.1",
      "ts-loader": "^2.0.3",
      "typescript": "^2.4.2",
      "webpack": "^2.2.1",
      "webpack-merge": "^4.1.0"
    }
  }

yarn manifest: 
  No manifest

Lockfile: 
  No lockfile
